<?xml version="1.0" encoding="UTF-8"?>
<!-- Generated by org.testng.reporters.JUnitXMLReporter -->
<testsuite hostname="Lenovo-pc" ignored="0" name="ChromeTest" tests="10" failures="0" timestamp="23 Dec 2019 14:19:09 GMT" time="17.785" errors="0">
  <testcase name="testAlertBox" time="0.437" classname="com.TestWebPage"/>
  <testcase name="testCheckBox" time="0.587" classname="com.TestWebPage"/>
  <testcase name="testConfirmBox" time="0.383" classname="com.TestWebPage"/>
  <testcase name="testDoubleClickButton" time="0.22" classname="com.TestWebPage"/>
  <testcase name="testDragandDrop" time="0.338" classname="com.TestWebPage"/>
  <testcase name="testDrowpDown" time="1.08" classname="com.TestWebPage"/>
  <testcase name="testPageHeading" time="0.064" classname="com.TestWebPage"/>
  <testcase name="testRadioButton" time="0.327" classname="com.TestWebPage"/>
  <testcase name="testRedirectLink" time="6.204" classname="com.TestWebPage"/>
  <testcase name="testWebPageTitle" time="0.037" classname="com.TestWebPage"/>
</testsuite> <!-- ChromeTest -->
