<?xml version="1.0" encoding="UTF-8"?>
<!-- Generated by org.testng.reporters.JUnitXMLReporter -->
<testsuite hostname="Lenovo-pc" ignored="0" name="FireFoxTest" tests="10" failures="1" timestamp="23 Dec 2019 14:19:48 GMT" time="56.52" errors="0">
  <testcase name="testAlertBox" time="0.503" classname="com.TestWebPage"/>
  <testcase name="testCheckBox" time="0.303" classname="com.TestWebPage"/>
  <testcase name="testConfirmBox" time="0.186" classname="com.TestWebPage"/>
  <testcase name="testDoubleClickButton" time="0.203" classname="com.TestWebPage"/>
  <testcase name="testDragandDrop" time="0.132" classname="com.TestWebPage">
    <failure type="org.openqa.selenium.interactions.MoveTargetOutOfBoundsException" message="(304, 700) is out of bounds of viewport width (1366) and height (654)
Build info: version: &amp;apos;3.141.59&amp;apos;, revision: &amp;apos;e82be7d358&amp;apos;, time: &amp;apos;2018-11-14T08:25:48&amp;apos;
System info: host: &amp;apos;LENOVO-PC&amp;apos;, ip: &amp;apos;192.168.1.109&amp;apos;, os.name: &amp;apos;Windows 8.1&amp;apos;, os.arch: &amp;apos;amd64&amp;apos;, os.version: &amp;apos;6.3&amp;apos;, java.version: &amp;apos;1.8.0_144&amp;apos;
Driver info: org.openqa.selenium.firefox.FirefoxDriver
Capabilities {acceptInsecureCerts: true, browserName: firefox, browserVersion: 71.0, javascriptEnabled: true, moz:accessibilityChecks: false, moz:buildID: 20191202093317, moz:geckodriverVersion: 0.26.0, moz:headless: false, moz:processID: 8028, moz:profile: C:\Users\Lenovo\AppData\Loc..., moz:shutdownTimeout: 60000, moz:useNonSpecCompliantPointerOrigin: false, moz:webdriverClick: true, pageLoadStrategy: normal, platform: WINDOWS, platformName: WINDOWS, platformVersion: 6.3, rotatable: false, setWindowRect: true, strictFileInteractability: false, timeouts: {implicit: 0, pageLoad: 300000, script: 30000}, unhandledPromptBehavior: dismiss and notify}
Session ID: 10c94973-f13a-4706-a1f0-1b88e0e3f182">
      <![CDATA[org.openqa.selenium.interactions.MoveTargetOutOfBoundsException: (304, 700) is out of bounds of viewport width (1366) and height (654)
Build info: version: '3.141.59', revision: 'e82be7d358', time: '2018-11-14T08:25:48'
System info: host: 'LENOVO-PC', ip: '192.168.1.109', os.name: 'Windows 8.1', os.arch: 'amd64', os.version: '6.3', java.version: '1.8.0_144'
Driver info: org.openqa.selenium.firefox.FirefoxDriver
Capabilities {acceptInsecureCerts: true, browserName: firefox, browserVersion: 71.0, javascriptEnabled: true, moz:accessibilityChecks: false, moz:buildID: 20191202093317, moz:geckodriverVersion: 0.26.0, moz:headless: false, moz:processID: 8028, moz:profile: C:\Users\Lenovo\AppData\Loc..., moz:shutdownTimeout: 60000, moz:useNonSpecCompliantPointerOrigin: false, moz:webdriverClick: true, pageLoadStrategy: normal, platform: WINDOWS, platformName: WINDOWS, platformVersion: 6.3, rotatable: false, setWindowRect: true, strictFileInteractability: false, timeouts: {implicit: 0, pageLoad: 300000, script: 30000}, unhandledPromptBehavior: dismiss and notify}
Session ID: 10c94973-f13a-4706-a1f0-1b88e0e3f182
at org.openqa.selenium.remote.http.W3CHttpResponseCodec.createException(W3CHttpResponseCodec.java:187)
at org.openqa.selenium.remote.http.W3CHttpResponseCodec.decode(W3CHttpResponseCodec.java:122)
at org.openqa.selenium.remote.http.W3CHttpResponseCodec.decode(W3CHttpResponseCodec.java:49)
at org.openqa.selenium.remote.HttpCommandExecutor.execute(HttpCommandExecutor.java:158)
at org.openqa.selenium.remote.service.DriverCommandExecutor.execute(DriverCommandExecutor.java:83)
at org.openqa.selenium.remote.RemoteWebDriver.execute(RemoteWebDriver.java:552)
at org.openqa.selenium.remote.RemoteWebDriver.perform(RemoteWebDriver.java:618)
at org.openqa.selenium.interactions.Actions$BuiltAction.perform(Actions.java:639)
at com.TestWebPage.testDragandDrop(TestWebPage.java:126)
at java.util.concurrent.FutureTask.run(Unknown Source)
at java.util.concurrent.ThreadPoolExecutor.runWorker(Unknown Source)
at java.util.concurrent.ThreadPoolExecutor$Worker.run(Unknown Source)
at java.lang.Thread.run(Unknown Source)
... Removed 20 stack frames]]>
    </failure>
  </testcase> <!-- testDragandDrop -->
  <testcase name="testDrowpDown" time="0.782" classname="com.TestWebPage"/>
  <testcase name="testPageHeading" time="0.036" classname="com.TestWebPage"/>
  <testcase name="testRadioButton" time="0.588" classname="com.TestWebPage"/>
  <testcase name="testRedirectLink" time="13.782" classname="com.TestWebPage"/>
  <testcase name="testWebPageTitle" time="0.012" classname="com.TestWebPage"/>
</testsuite> <!-- FireFoxTest -->
