<?xml version="1.0" encoding="UTF-8"?>
<!-- Generated by org.testng.reporters.JUnitXMLReporter -->
<testsuite hostname="Lenovo-pc" ignored="0" name="Test" tests="7" failures="0" timestamp="20 Dec 2019 10:48:55 GMT" time="2.525" errors="0">
  <testcase name="@BeforeClass setUp" time="2.367" classname="com.TestWebPage">
    <failure type="java.lang.IllegalStateException" message="The driver executable does not exist: D:\chromedriver_win32\chromedriver.exe">
      <![CDATA[java.lang.IllegalStateException: The driver executable does not exist: D:\chromedriver_win32\chromedriver.exe
at com.google.common.base.Preconditions.checkState(Preconditions.java:585)
at org.openqa.selenium.remote.service.DriverService.checkExecutable(DriverService.java:146)
at org.openqa.selenium.remote.service.DriverService.findExecutable(DriverService.java:141)
at org.openqa.selenium.chrome.ChromeDriverService.access$000(ChromeDriverService.java:35)
at org.openqa.selenium.chrome.ChromeDriverService$Builder.findDefaultExecutable(ChromeDriverService.java:159)
at org.openqa.selenium.remote.service.DriverService$Builder.build(DriverService.java:355)
at org.openqa.selenium.chrome.ChromeDriverService.createDefaultService(ChromeDriverService.java:94)
at org.openqa.selenium.chrome.ChromeDriver.<init>(ChromeDriver.java:123)
at com.TestWebPage.setUp(TestWebPage.java:25)
... Removed 26 stack frames]]>
    </failure>
  </testcase> <!-- @BeforeClass setUp -->
  <testcase name="@AfterClass tearDown" time="0.0" classname="com.TestWebPage">
    <failure type="java.lang.NullPointerException">
      <![CDATA[java.lang.NullPointerException
at com.TestWebPage.tearDown(TestWebPage.java:89)
... Removed 26 stack frames]]>
    </failure>
  </testcase> <!-- @AfterClass tearDown -->
  <testcase name="testAlertBox" time="0.0" classname="com.TestWebPage">
    <skipped/>
  </testcase> <!-- testAlertBox -->
  <testcase name="testConfirmBox" time="0.0" classname="com.TestWebPage">
    <skipped/>
  </testcase> <!-- testConfirmBox -->
  <testcase name="testDoubleClickButton" time="0.0" classname="com.TestWebPage">
    <skipped/>
  </testcase> <!-- testDoubleClickButton -->
  <testcase name="testDragandDrop" time="0.0" classname="com.TestWebPage">
    <skipped/>
  </testcase> <!-- testDragandDrop -->
  <testcase name="testPageHeading" time="0.0" classname="com.TestWebPage">
    <skipped/>
  </testcase> <!-- testPageHeading -->
  <testcase name="testRedirectLink" time="0.0" classname="com.TestWebPage">
    <skipped/>
  </testcase> <!-- testRedirectLink -->
  <testcase name="testWebPageTitle" time="0.0" classname="com.TestWebPage">
    <skipped/>
  </testcase> <!-- testWebPageTitle -->
</testsuite> <!-- Test -->
