<?xml version="1.0" encoding="UTF-8"?>
<testng-results skipped="0" failed="1" ignored="0" total="20" passed="19">
  <reporter-output>
  </reporter-output>
  <suite name="Suite" duration-ms="56520" started-at="2019-12-23T14:18:51Z" finished-at="2019-12-23T14:19:48Z">
    <groups>
    </groups>
    <test name="ChromeTest" duration-ms="17785" started-at="2019-12-23T14:18:51Z" finished-at="2019-12-23T14:19:09Z">
      <class name="com.TestWebPage">
        <test-method status="PASS" signature="setUp(java.lang.String)[pri:0, instance:com.TestWebPage@cc285f4]" name="setUp" is-config="true" duration-ms="7277" started-at="2019-12-23T14:18:51Z" finished-at="2019-12-23T14:18:58Z">
          <params>
            <param index="0">
              <value>
                <![CDATA[Chrome]]>
              </value>
            </param>
          </params>
          <reporter-output>
          </reporter-output>
        </test-method> <!-- setUp -->
        <test-method status="PASS" signature="testAlertBox()[pri:0, instance:com.TestWebPage@cc285f4]" name="testAlertBox" duration-ms="437" started-at="2019-12-23T14:18:58Z" finished-at="2019-12-23T14:18:59Z">
          <reporter-output>
          </reporter-output>
        </test-method> <!-- testAlertBox -->
        <test-method status="PASS" signature="testCheckBox()[pri:0, instance:com.TestWebPage@cc285f4]" name="testCheckBox" duration-ms="587" started-at="2019-12-23T14:18:59Z" finished-at="2019-12-23T14:19:00Z">
          <reporter-output>
          </reporter-output>
        </test-method> <!-- testCheckBox -->
        <test-method status="PASS" signature="testConfirmBox()[pri:0, instance:com.TestWebPage@cc285f4]" name="testConfirmBox" duration-ms="383" started-at="2019-12-23T14:19:00Z" finished-at="2019-12-23T14:19:00Z">
          <reporter-output>
          </reporter-output>
        </test-method> <!-- testConfirmBox -->
        <test-method status="PASS" signature="testDoubleClickButton()[pri:0, instance:com.TestWebPage@cc285f4]" name="testDoubleClickButton" duration-ms="220" started-at="2019-12-23T14:19:00Z" finished-at="2019-12-23T14:19:00Z">
          <reporter-output>
          </reporter-output>
        </test-method> <!-- testDoubleClickButton -->
        <test-method status="PASS" signature="testDragandDrop()[pri:0, instance:com.TestWebPage@cc285f4]" name="testDragandDrop" duration-ms="338" started-at="2019-12-23T14:19:00Z" finished-at="2019-12-23T14:19:00Z">
          <reporter-output>
          </reporter-output>
        </test-method> <!-- testDragandDrop -->
        <test-method status="PASS" signature="testDrowpDown()[pri:0, instance:com.TestWebPage@cc285f4]" name="testDrowpDown" duration-ms="1080" started-at="2019-12-23T14:19:00Z" finished-at="2019-12-23T14:19:02Z">
          <reporter-output>
          </reporter-output>
        </test-method> <!-- testDrowpDown -->
        <test-method status="PASS" signature="testPageHeading()[pri:0, instance:com.TestWebPage@cc285f4]" name="testPageHeading" duration-ms="64" started-at="2019-12-23T14:19:02Z" finished-at="2019-12-23T14:19:02Z">
          <reporter-output>
          </reporter-output>
        </test-method> <!-- testPageHeading -->
        <test-method status="PASS" signature="testRadioButton()[pri:0, instance:com.TestWebPage@cc285f4]" name="testRadioButton" duration-ms="327" started-at="2019-12-23T14:19:02Z" finished-at="2019-12-23T14:19:02Z">
          <reporter-output>
          </reporter-output>
        </test-method> <!-- testRadioButton -->
        <test-method status="PASS" signature="testRedirectLink()[pri:0, instance:com.TestWebPage@cc285f4]" name="testRedirectLink" duration-ms="6204" started-at="2019-12-23T14:19:02Z" finished-at="2019-12-23T14:19:08Z">
          <reporter-output>
          </reporter-output>
        </test-method> <!-- testRedirectLink -->
        <test-method status="PASS" signature="testWebPageTitle()[pri:0, instance:com.TestWebPage@cc285f4]" name="testWebPageTitle" duration-ms="37" started-at="2019-12-23T14:19:08Z" finished-at="2019-12-23T14:19:08Z">
          <reporter-output>
          </reporter-output>
        </test-method> <!-- testWebPageTitle -->
        <test-method status="PASS" signature="tearDown()[pri:0, instance:com.TestWebPage@cc285f4]" name="tearDown" is-config="true" duration-ms="734" started-at="2019-12-23T14:19:08Z" finished-at="2019-12-23T14:19:09Z">
          <reporter-output>
          </reporter-output>
        </test-method> <!-- tearDown -->
      </class> <!-- com.TestWebPage -->
    </test> <!-- ChromeTest -->
    <test name="FireFoxTest" duration-ms="56520" started-at="2019-12-23T14:18:51Z" finished-at="2019-12-23T14:19:48Z">
      <class name="com.TestWebPage">
        <test-method status="PASS" signature="setUp(java.lang.String)[pri:0, instance:com.TestWebPage@604ed9f0]" name="setUp" is-config="true" duration-ms="35835" started-at="2019-12-23T14:18:51Z" finished-at="2019-12-23T14:19:27Z">
          <params>
            <param index="0">
              <value>
                <![CDATA[Firefox]]>
              </value>
            </param>
          </params>
          <reporter-output>
          </reporter-output>
        </test-method> <!-- setUp -->
        <test-method status="PASS" signature="testAlertBox()[pri:0, instance:com.TestWebPage@604ed9f0]" name="testAlertBox" duration-ms="503" started-at="2019-12-23T14:19:27Z" finished-at="2019-12-23T14:19:27Z">
          <reporter-output>
          </reporter-output>
        </test-method> <!-- testAlertBox -->
        <test-method status="PASS" signature="testCheckBox()[pri:0, instance:com.TestWebPage@604ed9f0]" name="testCheckBox" duration-ms="303" started-at="2019-12-23T14:19:27Z" finished-at="2019-12-23T14:19:28Z">
          <reporter-output>
          </reporter-output>
        </test-method> <!-- testCheckBox -->
        <test-method status="PASS" signature="testConfirmBox()[pri:0, instance:com.TestWebPage@604ed9f0]" name="testConfirmBox" duration-ms="186" started-at="2019-12-23T14:19:28Z" finished-at="2019-12-23T14:19:28Z">
          <reporter-output>
          </reporter-output>
        </test-method> <!-- testConfirmBox -->
        <test-method status="PASS" signature="testDoubleClickButton()[pri:0, instance:com.TestWebPage@604ed9f0]" name="testDoubleClickButton" duration-ms="203" started-at="2019-12-23T14:19:28Z" finished-at="2019-12-23T14:19:28Z">
          <reporter-output>
          </reporter-output>
        </test-method> <!-- testDoubleClickButton -->
        <test-method status="FAIL" signature="testDragandDrop()[pri:0, instance:com.TestWebPage@604ed9f0]" name="testDragandDrop" duration-ms="132" started-at="2019-12-23T14:19:28Z" finished-at="2019-12-23T14:19:28Z">
          <exception class="org.openqa.selenium.interactions.MoveTargetOutOfBoundsException">
            <message>
              <![CDATA[(304, 700) is out of bounds of viewport width (1366) and height (654)
Build info: version: '3.141.59', revision: 'e82be7d358', time: '2018-11-14T08:25:48'
System info: host: 'LENOVO-PC', ip: '192.168.1.109', os.name: 'Windows 8.1', os.arch: 'amd64', os.version: '6.3', java.version: '1.8.0_144'
Driver info: org.openqa.selenium.firefox.FirefoxDriver
Capabilities {acceptInsecureCerts: true, browserName: firefox, browserVersion: 71.0, javascriptEnabled: true, moz:accessibilityChecks: false, moz:buildID: 20191202093317, moz:geckodriverVersion: 0.26.0, moz:headless: false, moz:processID: 8028, moz:profile: C:\Users\Lenovo\AppData\Loc..., moz:shutdownTimeout: 60000, moz:useNonSpecCompliantPointerOrigin: false, moz:webdriverClick: true, pageLoadStrategy: normal, platform: WINDOWS, platformName: WINDOWS, platformVersion: 6.3, rotatable: false, setWindowRect: true, strictFileInteractability: false, timeouts: {implicit: 0, pageLoad: 300000, script: 30000}, unhandledPromptBehavior: dismiss and notify}
Session ID: 10c94973-f13a-4706-a1f0-1b88e0e3f182]]>
            </message>
            <full-stacktrace>
              <![CDATA[org.openqa.selenium.interactions.MoveTargetOutOfBoundsException: (304, 700) is out of bounds of viewport width (1366) and height (654)
Build info: version: '3.141.59', revision: 'e82be7d358', time: '2018-11-14T08:25:48'
System info: host: 'LENOVO-PC', ip: '192.168.1.109', os.name: 'Windows 8.1', os.arch: 'amd64', os.version: '6.3', java.version: '1.8.0_144'
Driver info: org.openqa.selenium.firefox.FirefoxDriver
Capabilities {acceptInsecureCerts: true, browserName: firefox, browserVersion: 71.0, javascriptEnabled: true, moz:accessibilityChecks: false, moz:buildID: 20191202093317, moz:geckodriverVersion: 0.26.0, moz:headless: false, moz:processID: 8028, moz:profile: C:\Users\Lenovo\AppData\Loc..., moz:shutdownTimeout: 60000, moz:useNonSpecCompliantPointerOrigin: false, moz:webdriverClick: true, pageLoadStrategy: normal, platform: WINDOWS, platformName: WINDOWS, platformVersion: 6.3, rotatable: false, setWindowRect: true, strictFileInteractability: false, timeouts: {implicit: 0, pageLoad: 300000, script: 30000}, unhandledPromptBehavior: dismiss and notify}
Session ID: 10c94973-f13a-4706-a1f0-1b88e0e3f182
at sun.reflect.NativeConstructorAccessorImpl.newInstance0(Native Method)
at sun.reflect.NativeConstructorAccessorImpl.newInstance(Unknown Source)
at sun.reflect.DelegatingConstructorAccessorImpl.newInstance(Unknown Source)
at java.lang.reflect.Constructor.newInstance(Unknown Source)
at org.openqa.selenium.remote.http.W3CHttpResponseCodec.createException(W3CHttpResponseCodec.java:187)
at org.openqa.selenium.remote.http.W3CHttpResponseCodec.decode(W3CHttpResponseCodec.java:122)
at org.openqa.selenium.remote.http.W3CHttpResponseCodec.decode(W3CHttpResponseCodec.java:49)
at org.openqa.selenium.remote.HttpCommandExecutor.execute(HttpCommandExecutor.java:158)
at org.openqa.selenium.remote.service.DriverCommandExecutor.execute(DriverCommandExecutor.java:83)
at org.openqa.selenium.remote.RemoteWebDriver.execute(RemoteWebDriver.java:552)
at org.openqa.selenium.remote.RemoteWebDriver.perform(RemoteWebDriver.java:618)
at org.openqa.selenium.interactions.Actions$BuiltAction.perform(Actions.java:639)
at com.TestWebPage.testDragandDrop(TestWebPage.java:126)
at sun.reflect.NativeMethodAccessorImpl.invoke0(Native Method)
at sun.reflect.NativeMethodAccessorImpl.invoke(Unknown Source)
at sun.reflect.DelegatingMethodAccessorImpl.invoke(Unknown Source)
at java.lang.reflect.Method.invoke(Unknown Source)
at org.testng.internal.MethodInvocationHelper.invokeMethod(MethodInvocationHelper.java:124)
at org.testng.internal.Invoker.invokeMethod(Invoker.java:583)
at org.testng.internal.Invoker.invokeTestMethod(Invoker.java:719)
at org.testng.internal.Invoker.invokeTestMethods(Invoker.java:989)
at org.testng.internal.TestMethodWorker.invokeTestMethods(TestMethodWorker.java:125)
at org.testng.internal.TestMethodWorker.run(TestMethodWorker.java:109)
at org.testng.TestRunner.privateRun(TestRunner.java:648)
at org.testng.TestRunner.run(TestRunner.java:505)
at org.testng.SuiteRunner.runTest(SuiteRunner.java:455)
at org.testng.SuiteRunner.access$000(SuiteRunner.java:40)
at org.testng.SuiteRunner$SuiteWorker.run(SuiteRunner.java:489)
at org.testng.internal.thread.ThreadUtil$1.call(ThreadUtil.java:52)
at java.util.concurrent.FutureTask.run(Unknown Source)
at java.util.concurrent.ThreadPoolExecutor.runWorker(Unknown Source)
at java.util.concurrent.ThreadPoolExecutor$Worker.run(Unknown Source)
at java.lang.Thread.run(Unknown Source)
]]>
            </full-stacktrace>
          </exception> <!-- org.openqa.selenium.interactions.MoveTargetOutOfBoundsException -->
          <reporter-output>
          </reporter-output>
        </test-method> <!-- testDragandDrop -->
        <test-method status="PASS" signature="testDrowpDown()[pri:0, instance:com.TestWebPage@604ed9f0]" name="testDrowpDown" duration-ms="782" started-at="2019-12-23T14:19:28Z" finished-at="2019-12-23T14:19:29Z">
          <reporter-output>
          </reporter-output>
        </test-method> <!-- testDrowpDown -->
        <test-method status="PASS" signature="testPageHeading()[pri:0, instance:com.TestWebPage@604ed9f0]" name="testPageHeading" duration-ms="36" started-at="2019-12-23T14:19:29Z" finished-at="2019-12-23T14:19:29Z">
          <reporter-output>
          </reporter-output>
        </test-method> <!-- testPageHeading -->
        <test-method status="PASS" signature="testRadioButton()[pri:0, instance:com.TestWebPage@604ed9f0]" name="testRadioButton" duration-ms="588" started-at="2019-12-23T14:19:29Z" finished-at="2019-12-23T14:19:30Z">
          <reporter-output>
          </reporter-output>
        </test-method> <!-- testRadioButton -->
        <test-method status="PASS" signature="testRedirectLink()[pri:0, instance:com.TestWebPage@604ed9f0]" name="testRedirectLink" duration-ms="13782" started-at="2019-12-23T14:19:30Z" finished-at="2019-12-23T14:19:44Z">
          <reporter-output>
          </reporter-output>
        </test-method> <!-- testRedirectLink -->
        <test-method status="PASS" signature="testWebPageTitle()[pri:0, instance:com.TestWebPage@604ed9f0]" name="testWebPageTitle" duration-ms="12" started-at="2019-12-23T14:19:44Z" finished-at="2019-12-23T14:19:44Z">
          <reporter-output>
          </reporter-output>
        </test-method> <!-- testWebPageTitle -->
        <test-method status="PASS" signature="tearDown()[pri:0, instance:com.TestWebPage@604ed9f0]" name="tearDown" is-config="true" duration-ms="4093" started-at="2019-12-23T14:19:44Z" finished-at="2019-12-23T14:19:48Z">
          <reporter-output>
          </reporter-output>
        </test-method> <!-- tearDown -->
      </class> <!-- com.TestWebPage -->
    </test> <!-- FireFoxTest -->
  </suite> <!-- Suite -->
</testng-results>
